<?xml version="1.0" encoding="UTF-8"?>
<!-- Generated by org.testng.reporters.JUnitXMLReporter -->
<testsuite hostname="XVMXDODCDEV503" ignored="0" name="Default test" tests="2" failures="0" timestamp="2021-07-13T19:14:36 GMT+05:30" time="12.995" errors="0">
  <testcase name="verifyLoginWithTN" time="8.074" classname="restAssuredTests.Test_LoginHomePage"/>
  <testcase name="verifyFrontPage" time="4.845" classname="restAssuredTests.Test_InitialPageOfPollDslam"/>
</testsuite> <!-- Default test -->
