<?xml version="1.0" encoding="UTF-8"?>
<!-- Generated by org.testng.reporters.JUnitXMLReporter -->
<testsuite ignored="0" hostname="XVMXDODCDEV503" failures="0" tests="2" name="Default test" time="11.338" errors="0" timestamp="2021-07-07T22:26:36 GMT+05:30">
  <testcase classname="restAssuredTests.Test_LoginHomePage" name="verifyLoginWithTN" time="6.726"/>
  <testcase classname="restAssuredTests.Test_InitialPageOfPollDslam" name="verifyFrontPage" time="4.553"/>
</testsuite> <!-- Default test -->
