<?xml version="1.0" encoding="UTF-8"?>
<!-- Generated by org.testng.reporters.JUnitXMLReporter -->
<testsuite ignored="0" hostname="XVMXDODCDEV503" failures="0" tests="4" name="Test" time="64.304" errors="0" timestamp="2021-07-07T20:54:17 GMT+05:30">
  <testcase classname="restAssuredTests.Test_LoginHomePage" name="verifyLoginWithTN" time="6.245"/>
  <testcase classname="restAssuredTests.Test_TNCompositionList" name="verifyTNCompositionList" time="22.868"/>
  <testcase classname="restAssuredTests.Test_InitialPageOfPollDslam" name="verifyFrontPage" time="3.714"/>
  <testcase classname="restAssuredTests.Test_Actuals" name="verifyActualsDetails" time="31.405"/>
</testsuite> <!-- Test -->
